<?xml version="1.0" encoding="UTF-8"?>
<!-- Generated by org.testng.reporters.JUnitXMLReporter -->
<testsuite ignored="0" hostname="seleniuminstance1-0" failures="0" tests="3" name="Surefire test" time="32.693" errors="0" timestamp="2023-08-30T07:49:49 UTC">
  <testcase classname="runner.Testcase" name="loginTest" time="4.404"/>
  <testcase classname="runner.Testcase" name="loginTest" time="3.99"/>
  <testcase classname="runner.Testcase" name="SearchTest" time="12.569"/>
</testsuite> <!-- Surefire test -->
