<?xml version="1.0" encoding="UTF-8"?>
<testng-results ignored="0" total="3" passed="3" failed="0" skipped="0">
  <reporter-output>
  </reporter-output>
  <suite started-at="2023-08-30T07:49:16 UTC" name="Surefire suite" finished-at="2023-08-30T07:49:49 UTC" duration-ms="32693">
    <groups>
    </groups>
    <test started-at="2023-08-30T07:49:16 UTC" name="Surefire test" finished-at="2023-08-30T07:49:49 UTC" duration-ms="32693">
      <class name="runner.Testcase">
        <test-method is-config="true" signature="beforeMethod()[pri:0, instance:runner.Testcase@740cae06]" started-at="2023-08-30T07:49:16 UTC" name="beforeMethod" finished-at="2023-08-30T07:49:22 UTC" duration-ms="5212" status="PASS">
          <reporter-output>
          </reporter-output>
        </test-method> <!-- beforeMethod -->
        <test-method signature="loginTest(java.lang.String,java.lang.String,java.lang.String)[pri:1, instance:runner.Testcase@740cae06]" started-at="2023-08-30T07:49:22 UTC" name="loginTest" data-provider="LoginData" finished-at="2023-08-30T07:49:26 UTC" duration-ms="4404" status="PASS">
          <params>
            <param index="0">
              <value>
                <![CDATA[Admin]]>
              </value>
            </param>
            <param index="1">
              <value>
                <![CDATA[admin123]]>
              </value>
            </param>
            <param index="2">
              <value>
                <![CDATA[https://opensource-demo.orangehrmlive.com/web/index.php/dashboard/index]]>
              </value>
            </param>
          </params>
          <reporter-output>
          </reporter-output>
        </test-method> <!-- loginTest -->
        <test-method is-config="true" signature="afterMethod()[pri:0, instance:runner.Testcase@740cae06]" started-at="2023-08-30T07:49:26 UTC" name="afterMethod" finished-at="2023-08-30T07:49:27 UTC" duration-ms="804" status="PASS">
          <reporter-output>
          </reporter-output>
        </test-method> <!-- afterMethod -->
        <test-method is-config="true" signature="beforeMethod()[pri:0, instance:runner.Testcase@740cae06]" started-at="2023-08-30T07:49:27 UTC" name="beforeMethod" finished-at="2023-08-30T07:49:29 UTC" duration-ms="2584" status="PASS">
          <reporter-output>
          </reporter-output>
        </test-method> <!-- beforeMethod -->
        <test-method signature="loginTest(java.lang.String,java.lang.String,java.lang.String)[pri:1, instance:runner.Testcase@740cae06]" started-at="2023-08-30T07:49:29 UTC" name="loginTest" data-provider="LoginData" finished-at="2023-08-30T07:49:33 UTC" duration-ms="3990" status="PASS">
          <params>
            <param index="0">
              <value>
                <![CDATA[Admin]]>
              </value>
            </param>
            <param index="1">
              <value>
                <![CDATA[12345]]>
              </value>
            </param>
            <param index="2">
              <value>
                <![CDATA[https://opensource-demo.orangehrmlive.com/web/index.php/auth/login]]>
              </value>
            </param>
          </params>
          <reporter-output>
          </reporter-output>
        </test-method> <!-- loginTest -->
        <test-method is-config="true" signature="afterMethod()[pri:0, instance:runner.Testcase@740cae06]" started-at="2023-08-30T07:49:33 UTC" name="afterMethod" finished-at="2023-08-30T07:49:34 UTC" duration-ms="146" status="PASS">
          <reporter-output>
          </reporter-output>
        </test-method> <!-- afterMethod -->
        <test-method is-config="true" signature="beforeMethod()[pri:0, instance:runner.Testcase@740cae06]" started-at="2023-08-30T07:49:34 UTC" name="beforeMethod" finished-at="2023-08-30T07:49:36 UTC" duration-ms="2669" status="PASS">
          <reporter-output>
          </reporter-output>
        </test-method> <!-- beforeMethod -->
        <test-method signature="SearchTest()[pri:2, instance:runner.Testcase@740cae06]" started-at="2023-08-30T07:49:36 UTC" name="SearchTest" finished-at="2023-08-30T07:49:49 UTC" duration-ms="12569" status="PASS">
          <reporter-output>
          </reporter-output>
        </test-method> <!-- SearchTest -->
        <test-method is-config="true" signature="afterMethod()[pri:0, instance:runner.Testcase@740cae06]" started-at="2023-08-30T07:49:49 UTC" name="afterMethod" finished-at="2023-08-30T07:49:49 UTC" duration-ms="192" status="PASS">
          <reporter-output>
          </reporter-output>
        </test-method> <!-- afterMethod -->
      </class> <!-- runner.Testcase -->
    </test> <!-- Surefire test -->
  </suite> <!-- Surefire suite -->
</testng-results>
